Using pre-set license
Built from '2020.3/staging' branch; Version is '2020.3.11f1 (99c7afb366b3) revision 10078127'; Using compiler version '192528614'; Build Type 'Release'
OS: 'Windows 10 Home; OS build 19044.1766; Version 2009; 64bit' Language: 'es' Physical Memory: 16294 MB
BatchMode: 1, IsHumanControllingUs: 0, StartBugReporterOnCrash: 0, Is64bit: 1, IsPro: 0

 COMMAND LINE ARGUMENTS:
C:\Program Files\Unity\Hub\Editor\2020.3.11f1\Editor\Unity.exe
-adb2
-batchMode
-noUpm
-name
AssetImportWorker0
-projectPath
C:/Users/Daniel Rond贸n/Desktop/Desarrollo unity/Tests
-logFile
Logs/AssetImportWorker0.log
-srvPort
63077
Successfully changed project path to: C:/Users/Daniel Rond贸n/Desktop/Desarrollo unity/Tests
C:/Users/Daniel Rond贸n/Desktop/Desarrollo unity/Tests
Using Asset Import Pipeline V2.
Refreshing native plugins compatible for Editor in 43.64 ms, found 2 plugins.
Preloading 0 native plugins for Editor in 0.00 ms.
Initialize engine version: 2020.3.11f1 (99c7afb366b3)
[Subsystems] Discovering subsystems at path C:/Program Files/Unity/Hub/Editor/2020.3.11f1/Editor/Data/Resources/UnitySubsystems
[Subsystems] Discovering subsystems at path C:/Users/Daniel Rond贸n/Desktop/Desarrollo unity/Tests/Assets
GfxDevice: creating device client; threaded=0
Direct3D:
    Version:  Direct3D 11.0 [level 11.0]
    Renderer: NVIDIA GeForce 940MX (ID=0x134d)
    Vendor:   
    VRAM:     2010 MB
    Driver:   30.0.15.1165
Initialize mono
Mono path[0] = 'C:/Program Files/Unity/Hub/Editor/2020.3.11f1/Editor/Data/Managed'
Mono path[1] = 'C:/Program Files/Unity/Hub/Editor/2020.3.11f1/Editor/Data/MonoBleedingEdge/lib/mono/unityjit'
Mono config path = 'C:/Program Files/Unity/Hub/Editor/2020.3.11f1/Editor/Data/MonoBleedingEdge/etc'
Using monoOptions --debugger-agent=transport=dt_socket,embedding=1,server=y,suspend=n,address=127.0.0.1:56040
Begin MonoManager ReloadAssembly
Registering precompiled unity dll's ...
Register platform support module: C:/Program Files/Unity/Hub/Editor/2020.3.11f1/Editor/Data/PlaybackEngines/WebGLSupport/UnityEditor.WebGL.Extensions.dll
Register platform support module: C:/Program Files/Unity/Hub/Editor/2020.3.11f1/Editor/Data/PlaybackEngines/WindowsStandaloneSupport/UnityEditor.WindowsStandalone.Extensions.dll
Registered in 0.003284 seconds.
Native extension for WindowsStandalone target not found
Native extension for WebGL target not found
Refreshing native plugins compatible for Editor in 37.12 ms, found 2 plugins.
Preloading 0 native plugins for Editor in 0.00 ms.
Mono: successfully reloaded assembly
- Completed reload, in  2.720 seconds
Platform modules already initialized, skipping
Registering precompiled user dll's ...
Registered in 0.006715 seconds.
Begin MonoManager ReloadAssembly
Native extension for WindowsStandalone target not found
Native extension for WebGL target not found
Refreshing native plugins compatible for Editor in 0.35 ms, found 2 plugins.
Preloading 0 native plugins for Editor in 0.00 ms.
Mono: successfully reloaded assembly
- Completed reload, in  1.502 seconds
Platform modules already initialized, skipping
========================================================================
Worker process is ready to serve import requests
Launched and connected shader compiler UnityShaderCompiler.exe after 0.07 seconds
Refreshing native plugins compatible for Editor in 0.37 ms, found 2 plugins.
Preloading 0 native plugins for Editor in 0.00 ms.
Unloading 1405 Unused Serialized files (Serialized files now loaded: 0)
System memory in use before: 79.4 MB.
System memory in use after: 79.4 MB.

Unloading 19 unused Assets to reduce memory usage. Loaded Objects now: 1854.
Total: 2.280700 ms (FindLiveObjects: 0.167000 ms CreateObjectMapping: 0.058000 ms MarkObjects: 1.939700 ms  DeleteObjects: 0.114200 ms)

========================================================================
Received Import Request.
  path: Assets/Scripts/GameManager.cs
  artifactKey: Guid(11fa03a31c3bec546b5c9df113ce53f4) Importer(815301076,1909f56bfc062723c751e8b465ee728b)
Start importing Assets/Scripts/GameManager.cs using Guid(11fa03a31c3bec546b5c9df113ce53f4) Importer(815301076,1909f56bfc062723c751e8b465ee728b)  -> (artifact id: 'f716f805187c3307d97a92b0aa074d9a') in 0.081379 seconds
  Import took 0.084371 seconds .

========================================================================
Received Prepare
Registering precompiled user dll's ...
Registered in 0.012866 seconds.
Begin MonoManager ReloadAssembly
Native extension for WindowsStandalone target not found
Native extension for WebGL target not found
Refreshing native plugins compatible for Editor in 0.36 ms, found 2 plugins.
Preloading 0 native plugins for Editor in 0.00 ms.
Mono: successfully reloaded assembly
- Completed reload, in  1.235 seconds
Platform modules already initialized, skipping
Refreshing native plugins compatible for Editor in 0.69 ms, found 2 plugins.
Preloading 0 native plugins for Editor in 0.00 ms.
Unloading 1387 Unused Serialized files (Serialized files now loaded: 0)
System memory in use before: 78.1 MB.
System memory in use after: 78.1 MB.

Unloading 14 unused Assets to reduce memory usage. Loaded Objects now: 1857.
Total: 3.168300 ms (FindLiveObjects: 0.306400 ms CreateObjectMapping: 0.115300 ms MarkObjects: 2.641300 ms  DeleteObjects: 0.103200 ms)

========================================================================
Received Import Request.
  Time since last request: 295.589695 seconds.
  path: Assets/Scripts/GameManager.cs
  artifactKey: Guid(11fa03a31c3bec546b5c9df113ce53f4) Importer(815301076,1909f56bfc062723c751e8b465ee728b)
Start importing Assets/Scripts/GameManager.cs using Guid(11fa03a31c3bec546b5c9df113ce53f4) Importer(815301076,1909f56bfc062723c751e8b465ee728b)  -> (artifact id: '7dcb85f9f851dcb652a0b150904b67e9') in 0.007191 seconds
  Import took 0.011142 seconds .

========================================================================
Received Prepare
Registering precompiled user dll's ...
Registered in 0.006690 seconds.
Begin MonoManager ReloadAssembly
Native extension for WindowsStandalone target not found
Native extension for WebGL target not found
Refreshing native plugins compatible for Editor in 0.41 ms, found 2 plugins.
Preloading 0 native plugins for Editor in 0.00 ms.
Mono: successfully reloaded assembly
- Completed reload, in  1.333 seconds
Platform modules already initialized, skipping
Refreshing native plugins compatible for Editor in 0.58 ms, found 2 plugins.
Preloading 0 native plugins for Editor in 0.00 ms.
Unloading 1387 Unused Serialized files (Serialized files now loaded: 0)
System memory in use before: 78.1 MB.
System memory in use after: 78.2 MB.

Unloading 14 unused Assets to reduce memory usage. Loaded Objects now: 1860.
Total: 3.257900 ms (FindLiveObjects: 0.263600 ms CreateObjectMapping: 0.100400 ms MarkObjects: 2.817300 ms  DeleteObjects: 0.074700 ms)

========================================================================
Received Prepare
Registering precompiled user dll's ...
Registered in 0.005949 seconds.
Begin MonoManager ReloadAssembly
Native extension for WindowsStandalone target not found
Native extension for WebGL target not found
Refreshing native plugins compatible for Editor in 0.44 ms, found 2 plugins.
Preloading 0 native plugins for Editor in 0.00 ms.
Mono: successfully reloaded assembly
- Completed reload, in  1.503 seconds
Platform modules already initialized, skipping
Refreshing native plugins compatible for Editor in 0.58 ms, found 2 plugins.
Preloading 0 native plugins for Editor in 0.00 ms.
Unloading 1387 Unused Serialized files (Serialized files now loaded: 0)
System memory in use before: 78.1 MB.
System memory in use after: 78.2 MB.

Unloading 14 unused Assets to reduce memory usage. Loaded Objects now: 1863.
Total: 2.399300 ms (FindLiveObjects: 0.194700 ms CreateObjectMapping: 0.076800 ms MarkObjects: 2.004400 ms  DeleteObjects: 0.121700 ms)

========================================================================
Received Prepare
Registering precompiled user dll's ...
Registered in 0.005344 seconds.
Begin MonoManager ReloadAssembly
Native extension for WindowsStandalone target not found
Native extension for WebGL target not found
Refreshing native plugins compatible for Editor in 0.39 ms, found 2 plugins.
Preloading 0 native plugins for Editor in 0.00 ms.
Mono: successfully reloaded assembly
- Completed reload, in  1.358 seconds
Platform modules already initialized, skipping
Refreshing native plugins compatible for Editor in 0.58 ms, found 2 plugins.
Preloading 0 native plugins for Editor in 0.00 ms.
Unloading 1387 Unused Serialized files (Serialized files now loaded: 0)
System memory in use before: 78.1 MB.
System memory in use after: 78.2 MB.

Unloading 14 unused Assets to reduce memory usage. Loaded Objects now: 1866.
Total: 2.206900 ms (FindLiveObjects: 0.162300 ms CreateObjectMapping: 0.060400 ms MarkObjects: 1.881500 ms  DeleteObjects: 0.101000 ms)

========================================================================
Received Import Request.
  Time since last request: 434.867562 seconds.
  path: Assets/Sounds
  artifactKey: Guid(d9c46f23d24da6544a18c9c1a62b8c43) Importer(815301076,1909f56bfc062723c751e8b465ee728b)
Start importing Assets/Sounds using Guid(d9c46f23d24da6544a18c9c1a62b8c43) Importer(815301076,1909f56bfc062723c751e8b465ee728b)  -> (artifact id: 'b664023cfaa7f6b4e2a8e3d27f681893') in 0.007979 seconds
  Import took 0.011234 seconds .

========================================================================
Received Import Request.
  Time since last request: 6.676618 seconds.
  path: Assets/Sounds/X2Download.com - sonido de recarga de arma _ efecto de sonido (128 kbps).mp3
  artifactKey: Guid(acfa2d3785e48ec4aab3a7497688b43b) Importer(815301076,1909f56bfc062723c751e8b465ee728b)
Start importing Assets/Sounds/X2Download.com - sonido de recarga de arma _ efecto de sonido (128 kbps).mp3 using Guid(acfa2d3785e48ec4aab3a7497688b43b) Importer(815301076,1909f56bfc062723c751e8b465ee728b)  -> (artifact id: 'b145491ec86dfa96bfed9f2fb87a7cab') in 0.207365 seconds
  Import took 0.213325 seconds .

========================================================================
Received Prepare
Registering precompiled user dll's ...
Registered in 0.006169 seconds.
Begin MonoManager ReloadAssembly
Native extension for WindowsStandalone target not found
Native extension for WebGL target not found
Refreshing native plugins compatible for Editor in 0.36 ms, found 2 plugins.
Preloading 0 native plugins for Editor in 0.00 ms.
Mono: successfully reloaded assembly
- Completed reload, in  1.276 seconds
Platform modules already initialized, skipping
Refreshing native plugins compatible for Editor in 0.79 ms, found 2 plugins.
Preloading 0 native plugins for Editor in 0.00 ms.
Unloading 1387 Unused Serialized files (Serialized files now loaded: 0)
System memory in use before: 81.3 MB.
System memory in use after: 81.3 MB.

Unloading 14 unused Assets to reduce memory usage. Loaded Objects now: 1878.
Total: 3.767300 ms (FindLiveObjects: 0.284200 ms CreateObjectMapping: 0.082800 ms MarkObjects: 3.299400 ms  DeleteObjects: 0.098700 ms)

========================================================================
Received Prepare
Registering precompiled user dll's ...
Registered in 0.008041 seconds.
Begin MonoManager ReloadAssembly
Native extension for WindowsStandalone target not found
Native extension for WebGL target not found
Refreshing native plugins compatible for Editor in 0.36 ms, found 2 plugins.
Preloading 0 native plugins for Editor in 0.00 ms.
Mono: successfully reloaded assembly
- Completed reload, in  1.155 seconds
Platform modules already initialized, skipping
Refreshing native plugins compatible for Editor in 0.37 ms, found 2 plugins.
Preloading 0 native plugins for Editor in 0.00 ms.
Unloading 1387 Unused Serialized files (Serialized files now loaded: 0)
System memory in use before: 81.3 MB.
System memory in use after: 81.3 MB.

Unloading 14 unused Assets to reduce memory usage. Loaded Objects now: 1881.
Total: 2.368200 ms (FindLiveObjects: 0.179000 ms CreateObjectMapping: 0.051800 ms MarkObjects: 2.062400 ms  DeleteObjects: 0.073600 ms)

========================================================================
Received Prepare
Registering precompiled user dll's ...
Registered in 0.005978 seconds.
Begin MonoManager ReloadAssembly
Native extension for WindowsStandalone target not found
Native extension for WebGL target not found
Refreshing native plugins compatible for Editor in 0.77 ms, found 2 plugins.
Preloading 0 native plugins for Editor in 0.00 ms.
Mono: successfully reloaded assembly
- Completed reload, in  1.403 seconds
Platform modules already initialized, skipping
Refreshing native plugins compatible for Editor in 0.61 ms, found 2 plugins.
Preloading 0 native plugins for Editor in 0.00 ms.
Unloading 1387 Unused Serialized files (Serialized files now loaded: 0)
System memory in use before: 81.3 MB.
System memory in use after: 81.3 MB.

Unloading 14 unused Assets to reduce memory usage. Loaded Objects now: 1884.
Total: 2.964600 ms (FindLiveObjects: 0.168600 ms CreateObjectMapping: 0.052100 ms MarkObjects: 2.647400 ms  DeleteObjects: 0.094900 ms)

========================================================================
Received Import Request.
  Time since last request: 1277.546056 seconds.
  path: Assets/Scenes/SampleScene
  artifactKey: Guid(9833cf5414aefcc45883fdd5cb746b82) Importer(815301076,1909f56bfc062723c751e8b465ee728b)
Start importing Assets/Scenes/SampleScene using Guid(9833cf5414aefcc45883fdd5cb746b82) Importer(815301076,1909f56bfc062723c751e8b465ee728b)  -> (artifact id: 'bc389a6bbdd01d054d195f062a71b99c') in 0.013506 seconds
  Import took 0.017082 seconds .

========================================================================
Received Import Request.
  Time since last request: 0.044133 seconds.
  path: Assets/Scenes/SampleScene/NavMesh.asset
  artifactKey: Guid(562779f60a80743488cfdd353963b5dd) Importer(815301076,1909f56bfc062723c751e8b465ee728b)
Start importing Assets/Scenes/SampleScene/NavMesh.asset using Guid(562779f60a80743488cfdd353963b5dd) Importer(815301076,1909f56bfc062723c751e8b465ee728b)  -> (artifact id: 'bff921dd88eef7558b7e6403829bf188') in 0.033000 seconds
  Import took 0.036226 seconds .

========================================================================
Received Import Request.
  Time since last request: 2.223276 seconds.
  path: Assets/Scenes/SampleScene.unity
  artifactKey: Guid(9fc0d4010bbf28b4594072e72b8655ab) Importer(815301076,1909f56bfc062723c751e8b465ee728b)
Start importing Assets/Scenes/SampleScene.unity using Guid(9fc0d4010bbf28b4594072e72b8655ab) Importer(815301076,1909f56bfc062723c751e8b465ee728b)  -> (artifact id: '4d36f78f06e3e939a50ebfb9f7328c1d') in 0.009973 seconds
  Import took 0.013451 seconds .

========================================================================
Received Import Request.
  Time since last request: 30.221428 seconds.
  path: Assets/Scenes/MainMenu.unity
  artifactKey: Guid(44098858840b12949b1bbe4d31df554e) Importer(815301076,1909f56bfc062723c751e8b465ee728b)
Start importing Assets/Scenes/MainMenu.unity using Guid(44098858840b12949b1bbe4d31df554e) Importer(815301076,1909f56bfc062723c751e8b465ee728b)  -> (artifact id: '08e9053113f76e45879b6806270040fb') in 0.010867 seconds
  Import took 0.015272 seconds .

========================================================================
Received Import Request.
  Time since last request: 169.611321 seconds.
  path: Assets/Sprites/matarchavsitas3.png
  artifactKey: Guid(cb13c7e612ac4644e93ffb5842aca63a) Importer(815301076,1909f56bfc062723c751e8b465ee728b)
Start importing Assets/Sprites/matarchavsitas3.png using Guid(cb13c7e612ac4644e93ffb5842aca63a) Importer(815301076,1909f56bfc062723c751e8b465ee728b)  -> (artifact id: '6e74e6417f535458fa899a2a5178361f') in 0.078184 seconds
  Import took 0.082582 seconds .

========================================================================
Received Import Request.
  Time since last request: 17.097413 seconds.
  path: Assets/Sprites/matarchavsitas3.png
  artifactKey: Guid(cb13c7e612ac4644e93ffb5842aca63a) Importer(815301076,1909f56bfc062723c751e8b465ee728b)
Start importing Assets/Sprites/matarchavsitas3.png using Guid(cb13c7e612ac4644e93ffb5842aca63a) Importer(815301076,1909f56bfc062723c751e8b465ee728b)  -> (artifact id: '5ba5ec8fbced4563aa6af7073f4ab243') in 0.057219 seconds
  Import took 0.062415 seconds .

========================================================================
Received Prepare
Registering precompiled user dll's ...
Registered in 0.005852 seconds.
Begin MonoManager ReloadAssembly
Native extension for WindowsStandalone target not found
Native extension for WebGL target not found
Refreshing native plugins compatible for Editor in 0.37 ms, found 2 plugins.
Preloading 0 native plugins for Editor in 0.00 ms.
Mono: successfully reloaded assembly
- Completed reload, in  1.461 seconds
Platform modules already initialized, skipping
Refreshing native plugins compatible for Editor in 0.38 ms, found 2 plugins.
Preloading 0 native plugins for Editor in 0.00 ms.
Unloading 1387 Unused Serialized files (Serialized files now loaded: 0)
System memory in use before: 81.3 MB.
System memory in use after: 81.4 MB.

Unloading 14 unused Assets to reduce memory usage. Loaded Objects now: 1892.
Total: 2.915900 ms (FindLiveObjects: 0.273100 ms CreateObjectMapping: 0.076400 ms MarkObjects: 2.459500 ms  DeleteObjects: 0.104800 ms)

========================================================================
Received Import Request.
  Time since last request: 184.258124 seconds.
  path: Assets/Scripts/SceneManager.cs
  artifactKey: Guid(bb1ddf759c3c0a341a493aaf9cf7ece7) Importer(815301076,1909f56bfc062723c751e8b465ee728b)
Start importing Assets/Scripts/SceneManager.cs using Guid(bb1ddf759c3c0a341a493aaf9cf7ece7) Importer(815301076,1909f56bfc062723c751e8b465ee728b)  -> (artifact id: 'e0fbd90a0a23633e9fe93e70256cbc63') in 0.014737 seconds
  Import took 0.018055 seconds .

========================================================================
Received Prepare
Registering precompiled user dll's ...
Registered in 0.006981 seconds.
Begin MonoManager ReloadAssembly
Native extension for WindowsStandalone target not found
Native extension for WebGL target not found
Refreshing native plugins compatible for Editor in 0.48 ms, found 2 plugins.
Preloading 0 native plugins for Editor in 0.00 ms.
Mono: successfully reloaded assembly
- Completed reload, in  1.534 seconds
Platform modules already initialized, skipping
Refreshing native plugins compatible for Editor in 0.66 ms, found 2 plugins.
Preloading 0 native plugins for Editor in 0.00 ms.
Unloading 1388 Unused Serialized files (Serialized files now loaded: 0)
System memory in use before: 81.3 MB.
System memory in use after: 81.4 MB.

Unloading 14 unused Assets to reduce memory usage. Loaded Objects now: 1896.
Total: 2.950500 ms (FindLiveObjects: 0.192300 ms CreateObjectMapping: 0.059500 ms MarkObjects: 2.605800 ms  DeleteObjects: 0.090900 ms)

========================================================================
Received Prepare
Registering precompiled user dll's ...
Registered in 0.007167 seconds.
Begin MonoManager ReloadAssembly
Native extension for WindowsStandalone target not found
Native extension for WebGL target not found
Refreshing native plugins compatible for Editor in 0.45 ms, found 2 plugins.
Preloading 0 native plugins for Editor in 0.00 ms.
Mono: successfully reloaded assembly
- Completed reload, in  1.574 seconds
Platform modules already initialized, skipping
Refreshing native plugins compatible for Editor in 0.54 ms, found 2 plugins.
Preloading 0 native plugins for Editor in 0.00 ms.
Unloading 1388 Unused Serialized files (Serialized files now loaded: 0)
System memory in use before: 81.3 MB.
System memory in use after: 81.4 MB.

Unloading 14 unused Assets to reduce memory usage. Loaded Objects now: 1899.
Total: 2.247300 ms (FindLiveObjects: 0.180800 ms CreateObjectMapping: 0.055900 ms MarkObjects: 1.905600 ms  DeleteObjects: 0.103500 ms)

========================================================================
Received Import Request.
  Time since last request: 547.504832 seconds.
  path: Assets/Scripts/SceneManager.cs
  artifactKey: Guid(bb1ddf759c3c0a341a493aaf9cf7ece7) Importer(815301076,1909f56bfc062723c751e8b465ee728b)
Start importing Assets/Scripts/SceneManager.cs using Guid(bb1ddf759c3c0a341a493aaf9cf7ece7) Importer(815301076,1909f56bfc062723c751e8b465ee728b)  -> (artifact id: '485811eb36f6aea305e2b7a0e560cf53') in 0.007445 seconds
  Import took 0.012393 seconds .

========================================================================
Received Prepare
Registering precompiled user dll's ...
Registered in 0.010006 seconds.
Begin MonoManager ReloadAssembly
Native extension for WindowsStandalone target not found
Native extension for WebGL target not found
Refreshing native plugins compatible for Editor in 0.55 ms, found 2 plugins.
Preloading 0 native plugins for Editor in 0.00 ms.
Mono: successfully reloaded assembly
- Completed reload, in  1.609 seconds
Platform modules already initialized, skipping
Refreshing native plugins compatible for Editor in 0.82 ms, found 2 plugins.
Preloading 0 native plugins for Editor in 0.00 ms.
Unloading 1388 Unused Serialized files (Serialized files now loaded: 0)
System memory in use before: 81.3 MB.
System memory in use after: 81.4 MB.

Unloading 14 unused Assets to reduce memory usage. Loaded Objects now: 1902.
Total: 5.444000 ms (FindLiveObjects: 0.378000 ms CreateObjectMapping: 0.145900 ms MarkObjects: 4.788700 ms  DeleteObjects: 0.128800 ms)

========================================================================
Received Prepare
Registering precompiled user dll's ...
Registered in 0.008173 seconds.
Begin MonoManager ReloadAssembly
Native extension for WindowsStandalone target not found
Native extension for WebGL target not found
Refreshing native plugins compatible for Editor in 0.39 ms, found 2 plugins.
Preloading 0 native plugins for Editor in 0.00 ms.
Mono: successfully reloaded assembly
- Completed reload, in  1.351 seconds
Platform modules already initialized, skipping
Refreshing native plugins compatible for Editor in 0.40 ms, found 2 plugins.
Preloading 0 native plugins for Editor in 0.00 ms.
Unloading 1388 Unused Serialized files (Serialized files now loaded: 0)
System memory in use before: 81.3 MB.
System memory in use after: 81.4 MB.

Unloading 14 unused Assets to reduce memory usage. Loaded Objects now: 1905.
Total: 2.689700 ms (FindLiveObjects: 0.184400 ms CreateObjectMapping: 0.053800 ms MarkObjects: 2.344500 ms  DeleteObjects: 0.102700 ms)

========================================================================
Received Import Request.
  Time since last request: 368.196550 seconds.
  path: Assets/Prefabs/Enemy.prefab
  artifactKey: Guid(255f78274010bcf459157f92f438cf2c) Importer(815301076,1909f56bfc062723c751e8b465ee728b)
Start importing Assets/Prefabs/Enemy.prefab using Guid(255f78274010bcf459157f92f438cf2c) Importer(815301076,1909f56bfc062723c751e8b465ee728b)  -> (artifact id: 'cb5e7f4ee131931904d321897a738429') in 0.107843 seconds
  Import took 0.112555 seconds .

========================================================================
Received Import Request.
  Time since last request: 0.000445 seconds.
  path: Assets/Prefabs/Player.prefab
  artifactKey: Guid(b3ac7df882fb4a84d915623319de5c24) Importer(815301076,1909f56bfc062723c751e8b465ee728b)
Start importing Assets/Prefabs/Player.prefab using Guid(b3ac7df882fb4a84d915623319de5c24) Importer(815301076,1909f56bfc062723c751e8b465ee728b)  -> (artifact id: '9a9e95c48135900dd050542238fb3ea0') in 0.023959 seconds
  Import took 0.028358 seconds .

========================================================================
Received Import Request.
  Time since last request: 12.580517 seconds.
  path: Assets/Scenes/MainMenu.unity
  artifactKey: Guid(44098858840b12949b1bbe4d31df554e) Importer(815301076,1909f56bfc062723c751e8b465ee728b)
Start importing Assets/Scenes/MainMenu.unity using Guid(44098858840b12949b1bbe4d31df554e) Importer(815301076,1909f56bfc062723c751e8b465ee728b)  -> (artifact id: '1c24d7d6cf4e7ed377400434a75da978') in 0.005984 seconds
  Import took 0.009737 seconds .

========================================================================
Received Import Request.
  Time since last request: 5.050700 seconds.
  path: Assets/Scenes/SampleScene.unity
  artifactKey: Guid(9fc0d4010bbf28b4594072e72b8655ab) Importer(815301076,1909f56bfc062723c751e8b465ee728b)
Start importing Assets/Scenes/SampleScene.unity using Guid(9fc0d4010bbf28b4594072e72b8655ab) Importer(815301076,1909f56bfc062723c751e8b465ee728b)  -> (artifact id: '0b9841e231b049b8410291ed23b7bbd9') in 0.006243 seconds
  Import took 0.010062 seconds .

========================================================================
Received Prepare
Refreshing native plugins compatible for Editor in 10.52 ms, found 2 plugins.
Preloading 0 native plugins for Editor in 0.00 ms.
Unloading 12 Unused Serialized files (Serialized files now loaded: 0)
System memory in use before: 54.5 MB.
System memory in use after: 54.6 MB.

Unloading 15 unused Assets to reduce memory usage. Loaded Objects now: 1908.
Total: 5.665000 ms (FindLiveObjects: 0.312000 ms CreateObjectMapping: 0.112700 ms MarkObjects: 5.095400 ms  DeleteObjects: 0.142600 ms)

========================================================================
Received Prepare
Refreshing native plugins compatible for Editor in 5.91 ms, found 2 plugins.
Preloading 0 native plugins for Editor in 0.00 ms.
Unloading 12 Unused Serialized files (Serialized files now loaded: 0)
System memory in use before: 54.7 MB.
System memory in use after: 54.8 MB.

Unloading 12 unused Assets to reduce memory usage. Loaded Objects now: 1908.
Total: 6.106000 ms (FindLiveObjects: 0.268300 ms CreateObjectMapping: 0.116200 ms MarkObjects: 5.549100 ms  DeleteObjects: 0.170100 ms)

AssetImportWorkerClient::OnTransportError - code=2 error=End of file
